FILE_TYPE=LIBRARY_PARTS;
PRIMITIVE 'UHD1110_FKA_CL1A13r3q1BBQFMF3','UHD1110_FKA_CL1A13r3q1BBQFMF3_Other';
  PIN
    'K_BLUE':
      PIN_NUMBER='(1)';
      NO_LOAD_CHECK=BOTH;
      NO_IO_CHECK=BOTH;
      ALLOW_CONNECT=TRUE;
      PINUSE='UNSPEC';
    'K_GREEN':
      PIN_NUMBER='(2)';
      NO_LOAD_CHECK=BOTH;
      NO_IO_CHECK=BOTH;
      ALLOW_CONNECT=TRUE;
      PINUSE='UNSPEC';
    'K_RED':
      PIN_NUMBER='(3)';
      NO_LOAD_CHECK=BOTH;
      NO_IO_CHECK=BOTH;
      ALLOW_CONNECT=TRUE;
      PINUSE='UNSPEC';
    'COMMON_ANODE':
      PIN_NUMBER='(4)';
      NO_LOAD_CHECK=BOTH;
      NO_IO_CHECK=BOTH;
      ALLOW_CONNECT=TRUE;
      PINUSE='UNSPEC';
  END_PIN;
  BODY
    PART_NAME='UHD1110_FKA_CL1A13r3q1BBQFMF3';
    PHYS_DES_PREFIX='LED';
    NO_LOAD_CHECK='TRUE';
    PIN_COUNT='4';
    BODY_NAME='UHD1110_FKA_CL1A13r3q1BBQFMF3';
    JEDEC_TYPE='UHD1110FKACL1A13r3q1BBQFMF3';
  END_BODY;
END_PRIMITIVE;
END.
